[debug] [2021-04-18T11:49:14.612Z] ----------------------------------------------------------------------
[debug] [2021-04-18T11:49:14.615Z] Command:       C:\Program Files (x86)\nodejs\node.exe C:\Users\DELL\AppData\Roaming\npm\node_modules\firebase-tools\lib\bin\firebase.js deploy --only hosting:admin-pannel
[debug] [2021-04-18T11:49:14.615Z] CLI Version:   9.1.0
[debug] [2021-04-18T11:49:14.615Z] Platform:      win32
[debug] [2021-04-18T11:49:14.615Z] Node Version:  v10.23.0
[debug] [2021-04-18T11:49:14.624Z] Time:          Sun Apr 18 2021 19:49:14 GMT+0800 (China Standard Time)
[debug] [2021-04-18T11:49:14.624Z] ----------------------------------------------------------------------
[debug] [2021-04-18T11:49:14.625Z] 
[debug] [2021-04-18T11:49:14.669Z] > command requires scopes: ["email","openid","https://www.googleapis.com/auth/cloudplatformprojects.readonly","https://www.googleapis.com/auth/firebase","https://www.googleapis.com/auth/cloud-platform"]
[debug] [2021-04-18T11:49:14.670Z] > authorizing via signed-in user
[debug] [2021-04-18T11:49:14.670Z] [iam] checking project content-mangement-system for permissions ["firebase.projects.get","firebasehosting.sites.update"]
[debug] [2021-04-18T11:49:14.674Z] > refreshing access token with scopes: ["email","https://www.googleapis.com/auth/cloud-platform","https://www.googleapis.com/auth/cloudplatformprojects.readonly","https://www.googleapis.com/auth/firebase","openid"]
[debug] [2021-04-18T11:49:14.674Z] >>> HTTP REQUEST POST https://www.googleapis.com/oauth2/v3/token  
 <request body omitted>
[debug] [2021-04-18T11:49:22.867Z] <<< HTTP RESPONSE 200 {"cache-control":"no-cache, no-store, max-age=0, must-revalidate","date":"Sun, 18 Apr 2021 14:49:28 GMT","expires":"Mon, 01 Jan 1990 00:00:00 GMT","pragma":"no-cache","content-type":"application/json; charset=utf-8","vary":"X-Origin, Referer, Origin,Accept-Encoding","server":"scaffolding on HTTPServer2","x-xss-protection":"0","x-frame-options":"SAMEORIGIN","x-content-type-options":"nosniff","alt-svc":"h3-29=\":443\"; ma=2592000,h3-T051=\":443\"; ma=2592000,h3-Q050=\":443\"; ma=2592000,h3-Q046=\":443\"; ma=2592000,h3-Q043=\":443\"; ma=2592000,quic=\":443\"; ma=2592000; v=\"46,43\"","accept-ranges":"none","transfer-encoding":"chunked"}
[debug] [2021-04-18T11:49:22.881Z] >>> HTTP REQUEST POST https://cloudresourcemanager.googleapis.com/v1/projects/content-mangement-system:testIamPermissions  
 {"permissions":["firebase.projects.get","firebasehosting.sites.update"]}
[debug] [2021-04-18T11:49:30.178Z] <<< HTTP RESPONSE 200 {"content-type":"application/json; charset=UTF-8","vary":"X-Origin, Referer, Origin,Accept-Encoding","date":"Sun, 18 Apr 2021 14:49:35 GMT","server":"ESF","cache-control":"private","x-xss-protection":"0","x-frame-options":"SAMEORIGIN","x-content-type-options":"nosniff","server-timing":"gfet4t7; dur=1245","alt-svc":"h3-29=\":443\"; ma=2592000,h3-T051=\":443\"; ma=2592000,h3-Q050=\":443\"; ma=2592000,h3-Q046=\":443\"; ma=2592000,h3-Q043=\":443\"; ma=2592000,quic=\":443\"; ma=2592000; v=\"46,43\"","accept-ranges":"none","transfer-encoding":"chunked"}
[debug] [2021-04-18T11:49:30.184Z] >>> HTTP REQUEST GET https://firebase.googleapis.com/v1beta1/projects/content-mangement-system  
 
[debug] [2021-04-18T11:49:36.325Z] <<< HTTP RESPONSE 200 {"content-type":"application/json; charset=UTF-8","vary":"X-Origin, Referer, Origin,Accept-Encoding","date":"Sun, 18 Apr 2021 14:49:40 GMT","server":"ESF","cache-control":"private","x-xss-protection":"0","x-frame-options":"SAMEORIGIN","x-content-type-options":"nosniff","alt-svc":"h3-29=\":443\"; ma=2592000,h3-T051=\":443\"; ma=2592000,h3-Q050=\":443\"; ma=2592000,h3-Q046=\":443\"; ma=2592000,h3-Q043=\":443\"; ma=2592000,quic=\":443\"; ma=2592000; v=\"46,43\"","accept-ranges":"none","transfer-encoding":"chunked"}
[info] 
[info] === Deploying to 'content-mangement-system'...
[info] 
[info] i  deploying hosting 
[debug] [2021-04-18T11:49:36.357Z] >>> HTTP REQUEST POST https://firebasehosting.googleapis.com/v1beta1/sites/admin-pannel/versions  
 {"config":{"rewrites":[{"glob":"**","path":"/index.html"}]},"labels":{"deployment-tool":"cli-firebase"}}
[debug] [2021-04-18T11:49:39.622Z] <<< HTTP RESPONSE 200 {"content-type":"application/json; charset=UTF-8","vary":"X-Origin, Referer, Origin,Accept-Encoding","date":"Sun, 18 Apr 2021 14:49:45 GMT","server":"ESF","cache-control":"private","x-xss-protection":"0","x-frame-options":"SAMEORIGIN","x-content-type-options":"nosniff","alt-svc":"h3-29=\":443\"; ma=2592000,h3-T051=\":443\"; ma=2592000,h3-Q050=\":443\"; ma=2592000,h3-Q046=\":443\"; ma=2592000,h3-Q043=\":443\"; ma=2592000,quic=\":443\"; ma=2592000; v=\"46,43\"","accept-ranges":"none","transfer-encoding":"chunked"}
[info] i  hosting[admin-pannel]: beginning deploy... 
[info] i  hosting[admin-pannel]: found 23 files in build 
[debug] [2021-04-18T11:49:40.582Z] > refreshing access token with scopes: []
[debug] [2021-04-18T11:49:40.583Z] >>> HTTP REQUEST POST https://www.googleapis.com/oauth2/v3/token  
 <request body omitted>
[debug] [2021-04-18T11:49:40.585Z] [hosting] hash cache [YnVpbGQ] stored for 23 files
[debug] [2021-04-18T11:49:40.586Z] [hosting][hash queue][FINAL] {"max":864,"min":21,"avg":78.04347826086956,"active":0,"complete":23,"success":23,"errored":0,"retried":0,"total":23,"elapsed":889}
[debug] [2021-04-18T11:49:41.732Z] <<< HTTP RESPONSE 200 {"cache-control":"no-cache, no-store, max-age=0, must-revalidate","date":"Sun, 18 Apr 2021 14:49:47 GMT","expires":"Mon, 01 Jan 1990 00:00:00 GMT","pragma":"no-cache","content-type":"application/json; charset=utf-8","vary":"X-Origin, Referer, Origin,Accept-Encoding","server":"scaffolding on HTTPServer2","x-xss-protection":"0","x-frame-options":"SAMEORIGIN","x-content-type-options":"nosniff","alt-svc":"h3-29=\":443\"; ma=2592000,h3-T051=\":443\"; ma=2592000,h3-Q050=\":443\"; ma=2592000,h3-Q046=\":443\"; ma=2592000,h3-Q043=\":443\"; ma=2592000,quic=\":443\"; ma=2592000; v=\"46,43\"","accept-ranges":"none","transfer-encoding":"chunked"}
[debug] [2021-04-18T11:49:41.751Z] >>> [apiv2][query] POST https://firebasehosting.googleapis.com/v1beta1/sites/admin-pannel/versions/fdb6833d7db96b9f:populateFiles [none]
[debug] [2021-04-18T11:49:41.752Z] >>> [apiv2][body] POST https://firebasehosting.googleapis.com/v1beta1/sites/admin-pannel/versions/fdb6833d7db96b9f:populateFiles {"files":{"/favicon.ico":"eae62e993eb980ec8a25058c39d5a51feab118bd2100c4deebb2a9c158ec11f9\r","/logo192.png":"3ee59515172ee198f3be375979df15ac5345183e656720a381b8872b2a39dc8b\r","/logo512.png":"ee7e2f3fdb8209c4b6fd7bef6ba50d1b9dba30a25bb5c3126df057e1cb6f5331\r","/manifest.json":"aff3449bdc238776f5d6d967f19ec491b36aed5fb7f23ccff6500736fd58494a\r","/robots.txt":"bfe106a3fb878dc83461c86818bf74fc1bdc7f28538ba613cd3e775516ce8b49\r","/asset-manifest.json":"c7c2efbfd9481216493f0fc008d72cdf62311aa7cff9c685fd03201929927e1d","/index.html":"b5d4e416a39ec49d694ae6615e6af3179c8a663707a83b01619896a0b505a38a","/static/css/main.616d5deb.chunk.css":"eaad16ecd13dfafdbd8b67f43df77993739b29b4275f05cb24edc3ec076f61f8","/static/css/2.d22f252f.chunk.css":"e49cd85ad07ea03eaa9d5248e6f567e8c78e414c5cd7526721007a60dcf4ce3b","/static/js/2.65652c4c.chunk.js.LICENSE.txt":"2c0a56326c9bbe043c50d0d3d270e80a2e7fe96fbc347ff69d134a3fa733434f","/static/css/2.d22f252f.chunk.css.map":"93ee4366ae184a68dfebdcb2188638a1f3824d808660b59b352bc8392d3f87e7","/static/js/3.e62e6f2b.chunk.js":"076634fe8c2df130a2a4002c6e410999bb8f6d11738681322260fe4a9dc210ef","/static/css/main.616d5deb.chunk.css.map":"934ca16e950be59e9cd517f0ba6d5c8cfc251388260b95bb9f62b25212c9cc2e","/static/js/3.e62e6f2b.chunk.js.map":"4fdf2babfb1513174f142b4238b8d35ef727b821a92b17f85a1484540f53a948","/static/js/runtime-main.b78546c1.js":"c2bc99acd9573a539449f0dcf54c6236f8386cc2fabb3e0b4fd8d2138ae77ecb","/static/js/runtime-main.b78546c1.js.map":"b2679c6210b6ce5f79b83281342c475a4b719c35646049cb6e3b1c0f78663e7b","/static/media/hand.7db36dbb.svg":"0f25dbfb45500701b558d011e26c36232776dd4837a4a2389f08975e655dfc06","/static/media/heart.ab38da11.svg":"fc4e9d508f95c7b63ceb91a9c0d6f6254b54366195212f5235000672c6e6ff08","/static/js/main.a93789f1.chunk.js":"5d97eae6de5c3266ac6315f7388c4f3e8c350ab75e549fa9b1675062f44d9c9d","/static/media/shop.03f23b68.svg":"4db42116154068d0909c13a36864c6d128bb32848e103d3155057e0aa3f1d3d9","/static/js/main.a93789f1.chunk.js.map":"057d92b57273d200db5b4318f3f1620bdde8a79daf02efb8f6d7e852793f9b64","/static/js/2.65652c4c.chunk.js":"d3a55a062db0a61cae58b17902fe290b3b76d982281be65dd4f3d18d667709bd","/static/js/2.65652c4c.chunk.js.map":"388b3720587dcb0c8d6bd149685400c468b8a70313d769526474f9698e3fb0cb"}}
[debug] [2021-04-18T11:49:44.325Z] <<< [apiv2][status] POST https://firebasehosting.googleapis.com/v1beta1/sites/admin-pannel/versions/fdb6833d7db96b9f:populateFiles 200
[debug] [2021-04-18T11:49:44.325Z] <<< [apiv2][body] POST https://firebasehosting.googleapis.com/v1beta1/sites/admin-pannel/versions/fdb6833d7db96b9f:populateFiles {"uploadRequiredHashes":["c7c2efbfd9481216493f0fc008d72cdf62311aa7cff9c685fd03201929927e1d","388b3720587dcb0c8d6bd149685400c468b8a70313d769526474f9698e3fb0cb","93ee4366ae184a68dfebdcb2188638a1f3824d808660b59b352bc8392d3f87e7","b2679c6210b6ce5f79b83281342c475a4b719c35646049cb6e3b1c0f78663e7b","5d97eae6de5c3266ac6315f7388c4f3e8c350ab75e549fa9b1675062f44d9c9d","eaad16ecd13dfafdbd8b67f43df77993739b29b4275f05cb24edc3ec076f61f8","e49cd85ad07ea03eaa9d5248e6f567e8c78e414c5cd7526721007a60dcf4ce3b","d3a55a062db0a61cae58b17902fe290b3b76d982281be65dd4f3d18d667709bd","4fdf2babfb1513174f142b4238b8d35ef727b821a92b17f85a1484540f53a948","c2bc99acd9573a539449f0dcf54c6236f8386cc2fabb3e0b4fd8d2138ae77ecb","934ca16e950be59e9cd517f0ba6d5c8cfc251388260b95bb9f62b25212c9cc2e","057d92b57273d200db5b4318f3f1620bdde8a79daf02efb8f6d7e852793f9b64","b5d4e416a39ec49d694ae6615e6af3179c8a663707a83b01619896a0b505a38a","076634fe8c2df130a2a4002c6e410999bb8f6d11738681322260fe4a9dc210ef"],"uploadUrl":"https://upload-firebasehosting.googleapis.com/upload/sites/admin-pannel/versions/fdb6833d7db96b9f/files"}
[debug] [2021-04-18T11:49:44.348Z] >>> [apiv2][query] POST https://upload-firebasehosting.googleapis.com/upload/sites/admin-pannel/versions/fdb6833d7db96b9f/files/c7c2efbfd9481216493f0fc008d72cdf62311aa7cff9c685fd03201929927e1d [none]
[debug] [2021-04-18T11:49:44.349Z] >>> [apiv2][body] POST https://upload-firebasehosting.googleapis.com/upload/sites/admin-pannel/versions/fdb6833d7db96b9f/files/c7c2efbfd9481216493f0fc008d72cdf62311aa7cff9c685fd03201929927e1d [stream]
[debug] [2021-04-18T11:49:44.353Z] >>> [apiv2][query] POST https://upload-firebasehosting.googleapis.com/upload/sites/admin-pannel/versions/fdb6833d7db96b9f/files/388b3720587dcb0c8d6bd149685400c468b8a70313d769526474f9698e3fb0cb [none]
[debug] [2021-04-18T11:49:44.353Z] >>> [apiv2][body] POST https://upload-firebasehosting.googleapis.com/upload/sites/admin-pannel/versions/fdb6833d7db96b9f/files/388b3720587dcb0c8d6bd149685400c468b8a70313d769526474f9698e3fb0cb [stream]
[debug] [2021-04-18T11:49:44.357Z] >>> [apiv2][query] POST https://upload-firebasehosting.googleapis.com/upload/sites/admin-pannel/versions/fdb6833d7db96b9f/files/93ee4366ae184a68dfebdcb2188638a1f3824d808660b59b352bc8392d3f87e7 [none]
[debug] [2021-04-18T11:49:44.357Z] >>> [apiv2][body] POST https://upload-firebasehosting.googleapis.com/upload/sites/admin-pannel/versions/fdb6833d7db96b9f/files/93ee4366ae184a68dfebdcb2188638a1f3824d808660b59b352bc8392d3f87e7 [stream]
[debug] [2021-04-18T11:49:44.360Z] >>> [apiv2][query] POST https://upload-firebasehosting.googleapis.com/upload/sites/admin-pannel/versions/fdb6833d7db96b9f/files/b2679c6210b6ce5f79b83281342c475a4b719c35646049cb6e3b1c0f78663e7b [none]
[debug] [2021-04-18T11:49:44.361Z] >>> [apiv2][body] POST https://upload-firebasehosting.googleapis.com/upload/sites/admin-pannel/versions/fdb6833d7db96b9f/files/b2679c6210b6ce5f79b83281342c475a4b719c35646049cb6e3b1c0f78663e7b [stream]
[debug] [2021-04-18T11:49:44.363Z] >>> [apiv2][query] POST https://upload-firebasehosting.googleapis.com/upload/sites/admin-pannel/versions/fdb6833d7db96b9f/files/5d97eae6de5c3266ac6315f7388c4f3e8c350ab75e549fa9b1675062f44d9c9d [none]
[debug] [2021-04-18T11:49:44.363Z] >>> [apiv2][body] POST https://upload-firebasehosting.googleapis.com/upload/sites/admin-pannel/versions/fdb6833d7db96b9f/files/5d97eae6de5c3266ac6315f7388c4f3e8c350ab75e549fa9b1675062f44d9c9d [stream]
[debug] [2021-04-18T11:49:44.365Z] >>> [apiv2][query] POST https://upload-firebasehosting.googleapis.com/upload/sites/admin-pannel/versions/fdb6833d7db96b9f/files/eaad16ecd13dfafdbd8b67f43df77993739b29b4275f05cb24edc3ec076f61f8 [none]
[debug] [2021-04-18T11:49:44.366Z] >>> [apiv2][body] POST https://upload-firebasehosting.googleapis.com/upload/sites/admin-pannel/versions/fdb6833d7db96b9f/files/eaad16ecd13dfafdbd8b67f43df77993739b29b4275f05cb24edc3ec076f61f8 [stream]
[debug] [2021-04-18T11:49:44.368Z] >>> [apiv2][query] POST https://upload-firebasehosting.googleapis.com/upload/sites/admin-pannel/versions/fdb6833d7db96b9f/files/e49cd85ad07ea03eaa9d5248e6f567e8c78e414c5cd7526721007a60dcf4ce3b [none]
[debug] [2021-04-18T11:49:44.368Z] >>> [apiv2][body] POST https://upload-firebasehosting.googleapis.com/upload/sites/admin-pannel/versions/fdb6833d7db96b9f/files/e49cd85ad07ea03eaa9d5248e6f567e8c78e414c5cd7526721007a60dcf4ce3b [stream]
[debug] [2021-04-18T11:49:44.370Z] >>> [apiv2][query] POST https://upload-firebasehosting.googleapis.com/upload/sites/admin-pannel/versions/fdb6833d7db96b9f/files/d3a55a062db0a61cae58b17902fe290b3b76d982281be65dd4f3d18d667709bd [none]
[debug] [2021-04-18T11:49:44.371Z] >>> [apiv2][body] POST https://upload-firebasehosting.googleapis.com/upload/sites/admin-pannel/versions/fdb6833d7db96b9f/files/d3a55a062db0a61cae58b17902fe290b3b76d982281be65dd4f3d18d667709bd [stream]
[debug] [2021-04-18T11:49:44.373Z] >>> [apiv2][query] POST https://upload-firebasehosting.googleapis.com/upload/sites/admin-pannel/versions/fdb6833d7db96b9f/files/4fdf2babfb1513174f142b4238b8d35ef727b821a92b17f85a1484540f53a948 [none]
[debug] [2021-04-18T11:49:44.374Z] >>> [apiv2][body] POST https://upload-firebasehosting.googleapis.com/upload/sites/admin-pannel/versions/fdb6833d7db96b9f/files/4fdf2babfb1513174f142b4238b8d35ef727b821a92b17f85a1484540f53a948 [stream]
[debug] [2021-04-18T11:49:44.376Z] >>> [apiv2][query] POST https://upload-firebasehosting.googleapis.com/upload/sites/admin-pannel/versions/fdb6833d7db96b9f/files/c2bc99acd9573a539449f0dcf54c6236f8386cc2fabb3e0b4fd8d2138ae77ecb [none]
[debug] [2021-04-18T11:49:44.376Z] >>> [apiv2][body] POST https://upload-firebasehosting.googleapis.com/upload/sites/admin-pannel/versions/fdb6833d7db96b9f/files/c2bc99acd9573a539449f0dcf54c6236f8386cc2fabb3e0b4fd8d2138ae77ecb [stream]
[debug] [2021-04-18T11:49:44.378Z] >>> [apiv2][query] POST https://upload-firebasehosting.googleapis.com/upload/sites/admin-pannel/versions/fdb6833d7db96b9f/files/934ca16e950be59e9cd517f0ba6d5c8cfc251388260b95bb9f62b25212c9cc2e [none]
[debug] [2021-04-18T11:49:44.379Z] >>> [apiv2][body] POST https://upload-firebasehosting.googleapis.com/upload/sites/admin-pannel/versions/fdb6833d7db96b9f/files/934ca16e950be59e9cd517f0ba6d5c8cfc251388260b95bb9f62b25212c9cc2e [stream]
[debug] [2021-04-18T11:49:44.392Z] >>> [apiv2][query] POST https://upload-firebasehosting.googleapis.com/upload/sites/admin-pannel/versions/fdb6833d7db96b9f/files/057d92b57273d200db5b4318f3f1620bdde8a79daf02efb8f6d7e852793f9b64 [none]
[debug] [2021-04-18T11:49:44.393Z] >>> [apiv2][body] POST https://upload-firebasehosting.googleapis.com/upload/sites/admin-pannel/versions/fdb6833d7db96b9f/files/057d92b57273d200db5b4318f3f1620bdde8a79daf02efb8f6d7e852793f9b64 [stream]
[debug] [2021-04-18T11:49:44.396Z] >>> [apiv2][query] POST https://upload-firebasehosting.googleapis.com/upload/sites/admin-pannel/versions/fdb6833d7db96b9f/files/b5d4e416a39ec49d694ae6615e6af3179c8a663707a83b01619896a0b505a38a [none]
[debug] [2021-04-18T11:49:44.396Z] >>> [apiv2][body] POST https://upload-firebasehosting.googleapis.com/upload/sites/admin-pannel/versions/fdb6833d7db96b9f/files/b5d4e416a39ec49d694ae6615e6af3179c8a663707a83b01619896a0b505a38a [stream]
[debug] [2021-04-18T11:49:44.399Z] >>> [apiv2][query] POST https://upload-firebasehosting.googleapis.com/upload/sites/admin-pannel/versions/fdb6833d7db96b9f/files/076634fe8c2df130a2a4002c6e410999bb8f6d11738681322260fe4a9dc210ef [none]
[debug] [2021-04-18T11:49:44.399Z] >>> [apiv2][body] POST https://upload-firebasehosting.googleapis.com/upload/sites/admin-pannel/versions/fdb6833d7db96b9f/files/076634fe8c2df130a2a4002c6e410999bb8f6d11738681322260fe4a9dc210ef [stream]
[debug] [2021-04-18T11:49:44.403Z] [hosting][populate queue][FINAL] {"max":3767,"min":3767,"avg":3767,"active":0,"complete":1,"success":1,"errored":0,"retried":0,"total":1,"elapsed":3822}
[debug] [2021-04-18T11:49:44.404Z] [hosting] uploads queued: 14
[debug] [2021-04-18T11:49:49.464Z] <<< [apiv2][status] POST https://upload-firebasehosting.googleapis.com/upload/sites/admin-pannel/versions/fdb6833d7db96b9f/files/93ee4366ae184a68dfebdcb2188638a1f3824d808660b59b352bc8392d3f87e7 200
[debug] [2021-04-18T11:49:49.465Z] <<< [apiv2][body] POST https://upload-firebasehosting.googleapis.com/upload/sites/admin-pannel/versions/fdb6833d7db96b9f/files/93ee4366ae184a68dfebdcb2188638a1f3824d808660b59b352bc8392d3f87e7 [stream]
[debug] [2021-04-18T11:49:49.467Z] <<< [apiv2][status] POST https://upload-firebasehosting.googleapis.com/upload/sites/admin-pannel/versions/fdb6833d7db96b9f/files/eaad16ecd13dfafdbd8b67f43df77993739b29b4275f05cb24edc3ec076f61f8 200
[debug] [2021-04-18T11:49:49.468Z] <<< [apiv2][body] POST https://upload-firebasehosting.googleapis.com/upload/sites/admin-pannel/versions/fdb6833d7db96b9f/files/eaad16ecd13dfafdbd8b67f43df77993739b29b4275f05cb24edc3ec076f61f8 [stream]
[debug] [2021-04-18T11:49:49.471Z] <<< [apiv2][status] POST https://upload-firebasehosting.googleapis.com/upload/sites/admin-pannel/versions/fdb6833d7db96b9f/files/b2679c6210b6ce5f79b83281342c475a4b719c35646049cb6e3b1c0f78663e7b 200
[debug] [2021-04-18T11:49:49.471Z] <<< [apiv2][body] POST https://upload-firebasehosting.googleapis.com/upload/sites/admin-pannel/versions/fdb6833d7db96b9f/files/b2679c6210b6ce5f79b83281342c475a4b719c35646049cb6e3b1c0f78663e7b [stream]
[debug] [2021-04-18T11:49:49.475Z] <<< [apiv2][status] POST https://upload-firebasehosting.googleapis.com/upload/sites/admin-pannel/versions/fdb6833d7db96b9f/files/4fdf2babfb1513174f142b4238b8d35ef727b821a92b17f85a1484540f53a948 200
[debug] [2021-04-18T11:49:49.476Z] <<< [apiv2][body] POST https://upload-firebasehosting.googleapis.com/upload/sites/admin-pannel/versions/fdb6833d7db96b9f/files/4fdf2babfb1513174f142b4238b8d35ef727b821a92b17f85a1484540f53a948 [stream]
[debug] [2021-04-18T11:49:49.479Z] <<< [apiv2][status] POST https://upload-firebasehosting.googleapis.com/upload/sites/admin-pannel/versions/fdb6833d7db96b9f/files/e49cd85ad07ea03eaa9d5248e6f567e8c78e414c5cd7526721007a60dcf4ce3b 200
[debug] [2021-04-18T11:49:49.479Z] <<< [apiv2][body] POST https://upload-firebasehosting.googleapis.com/upload/sites/admin-pannel/versions/fdb6833d7db96b9f/files/e49cd85ad07ea03eaa9d5248e6f567e8c78e414c5cd7526721007a60dcf4ce3b [stream]
[debug] [2021-04-18T11:49:49.481Z] <<< [apiv2][status] POST https://upload-firebasehosting.googleapis.com/upload/sites/admin-pannel/versions/fdb6833d7db96b9f/files/5d97eae6de5c3266ac6315f7388c4f3e8c350ab75e549fa9b1675062f44d9c9d 200
[debug] [2021-04-18T11:49:49.482Z] <<< [apiv2][body] POST https://upload-firebasehosting.googleapis.com/upload/sites/admin-pannel/versions/fdb6833d7db96b9f/files/5d97eae6de5c3266ac6315f7388c4f3e8c350ab75e549fa9b1675062f44d9c9d [stream]
[debug] [2021-04-18T11:49:49.484Z] <<< [apiv2][status] POST https://upload-firebasehosting.googleapis.com/upload/sites/admin-pannel/versions/fdb6833d7db96b9f/files/057d92b57273d200db5b4318f3f1620bdde8a79daf02efb8f6d7e852793f9b64 200
[debug] [2021-04-18T11:49:49.484Z] <<< [apiv2][body] POST https://upload-firebasehosting.googleapis.com/upload/sites/admin-pannel/versions/fdb6833d7db96b9f/files/057d92b57273d200db5b4318f3f1620bdde8a79daf02efb8f6d7e852793f9b64 [stream]
[debug] [2021-04-18T11:49:49.486Z] <<< [apiv2][status] POST https://upload-firebasehosting.googleapis.com/upload/sites/admin-pannel/versions/fdb6833d7db96b9f/files/076634fe8c2df130a2a4002c6e410999bb8f6d11738681322260fe4a9dc210ef 200
[debug] [2021-04-18T11:49:49.486Z] <<< [apiv2][body] POST https://upload-firebasehosting.googleapis.com/upload/sites/admin-pannel/versions/fdb6833d7db96b9f/files/076634fe8c2df130a2a4002c6e410999bb8f6d11738681322260fe4a9dc210ef [stream]
[debug] [2021-04-18T11:49:49.491Z] <<< [apiv2][status] POST https://upload-firebasehosting.googleapis.com/upload/sites/admin-pannel/versions/fdb6833d7db96b9f/files/934ca16e950be59e9cd517f0ba6d5c8cfc251388260b95bb9f62b25212c9cc2e 200
[debug] [2021-04-18T11:49:49.491Z] <<< [apiv2][body] POST https://upload-firebasehosting.googleapis.com/upload/sites/admin-pannel/versions/fdb6833d7db96b9f/files/934ca16e950be59e9cd517f0ba6d5c8cfc251388260b95bb9f62b25212c9cc2e [stream]
[debug] [2021-04-18T11:49:49.493Z] <<< [apiv2][status] POST https://upload-firebasehosting.googleapis.com/upload/sites/admin-pannel/versions/fdb6833d7db96b9f/files/b5d4e416a39ec49d694ae6615e6af3179c8a663707a83b01619896a0b505a38a 200
[debug] [2021-04-18T11:49:49.493Z] <<< [apiv2][body] POST https://upload-firebasehosting.googleapis.com/upload/sites/admin-pannel/versions/fdb6833d7db96b9f/files/b5d4e416a39ec49d694ae6615e6af3179c8a663707a83b01619896a0b505a38a [stream]
[debug] [2021-04-18T11:49:50.335Z] <<< [apiv2][status] POST https://upload-firebasehosting.googleapis.com/upload/sites/admin-pannel/versions/fdb6833d7db96b9f/files/c7c2efbfd9481216493f0fc008d72cdf62311aa7cff9c685fd03201929927e1d 200
[debug] [2021-04-18T11:49:50.336Z] <<< [apiv2][body] POST https://upload-firebasehosting.googleapis.com/upload/sites/admin-pannel/versions/fdb6833d7db96b9f/files/c7c2efbfd9481216493f0fc008d72cdf62311aa7cff9c685fd03201929927e1d [stream]
[debug] [2021-04-18T11:49:50.388Z] <<< [apiv2][status] POST https://upload-firebasehosting.googleapis.com/upload/sites/admin-pannel/versions/fdb6833d7db96b9f/files/c2bc99acd9573a539449f0dcf54c6236f8386cc2fabb3e0b4fd8d2138ae77ecb 200
[debug] [2021-04-18T11:49:50.388Z] <<< [apiv2][body] POST https://upload-firebasehosting.googleapis.com/upload/sites/admin-pannel/versions/fdb6833d7db96b9f/files/c2bc99acd9573a539449f0dcf54c6236f8386cc2fabb3e0b4fd8d2138ae77ecb [stream]
[debug] [2021-04-18T11:49:51.395Z] <<< [apiv2][status] POST https://upload-firebasehosting.googleapis.com/upload/sites/admin-pannel/versions/fdb6833d7db96b9f/files/d3a55a062db0a61cae58b17902fe290b3b76d982281be65dd4f3d18d667709bd 200
[debug] [2021-04-18T11:49:51.396Z] <<< [apiv2][body] POST https://upload-firebasehosting.googleapis.com/upload/sites/admin-pannel/versions/fdb6833d7db96b9f/files/d3a55a062db0a61cae58b17902fe290b3b76d982281be65dd4f3d18d667709bd [stream]
[debug] [2021-04-18T11:49:53.209Z] <<< [apiv2][status] POST https://upload-firebasehosting.googleapis.com/upload/sites/admin-pannel/versions/fdb6833d7db96b9f/files/388b3720587dcb0c8d6bd149685400c468b8a70313d769526474f9698e3fb0cb 200
[debug] [2021-04-18T11:49:53.209Z] <<< [apiv2][body] POST https://upload-firebasehosting.googleapis.com/upload/sites/admin-pannel/versions/fdb6833d7db96b9f/files/388b3720587dcb0c8d6bd149685400c468b8a70313d769526474f9698e3fb0cb [stream]
[debug] [2021-04-18T11:49:53.210Z] [hosting][upload queue][FINAL] {"max":8879,"min":5128,"avg":5669.928571428572,"active":0,"complete":14,"success":14,"errored":0,"retried":0,"total":14,"elapsed":8884}
[info] +  hosting[admin-pannel]: file upload complete 
[debug] [2021-04-18T11:49:53.213Z] [hosting] deploy completed after 13586ms
